<?xml version="1.0" encoding="UTF-8"?>
<!-- Generated by org.testng.reporters.JUnitReportReporter -->
<testsuite hostname="Lord" failures="0" tests="1" name="Selenium_TestNG.Messaging_TestNG" time="70.930" errors="0" timestamp="31 May 2021 16:23:32 GMT" skipped="0">
  <testcase classname="Selenium_TestNG.Messaging_TestNG" name="f" time="70.930"/>
</testsuite> <!-- Selenium_TestNG.Messaging_TestNG -->
