<?xml version="1.0" encoding="UTF-8"?>
<!-- Generated by org.testng.reporters.JUnitReportReporter -->
<testsuite hostname="Lord" failures="0" tests="1" name="Selenium_TestNG.DeleteMessage_TestNG" time="58.082" errors="0" timestamp="30 May 2021 21:45:17 GMT" skipped="0">
  <testcase classname="Selenium_TestNG.DeleteMessage_TestNG" name="f" time="58.082"/>
</testsuite> <!-- Selenium_TestNG.DeleteMessage_TestNG -->
