<?xml version="1.0" encoding="UTF-8"?>
<!-- Generated by org.testng.reporters.JUnitReportReporter -->
<testsuite hostname="Lord" failures="0" tests="1" name="Selenium_TestNG.RestoreMessage_TestNG" time="46.391" errors="0" timestamp="30 May 2021 21:45:17 GMT" skipped="0">
  <testcase classname="Selenium_TestNG.RestoreMessage_TestNG" name="f" time="46.391"/>
</testsuite> <!-- Selenium_TestNG.RestoreMessage_TestNG -->
