<?xml version="1.0" encoding="UTF-8"?>
<!-- Generated by org.testng.reporters.JUnitReportReporter -->
<testsuite hostname="Lord" failures="0" tests="1" name="Selenium_TestNG.MessageNotSent_TestNG" time="38.191" errors="0" timestamp="30 May 2021 21:45:17 GMT" skipped="0">
  <testcase classname="Selenium_TestNG.MessageNotSent_TestNG" name="f" time="38.191"/>
</testsuite> <!-- Selenium_TestNG.MessageNotSent_TestNG -->
