<?xml version="1.0" encoding="UTF-8"?>
<!-- Generated by org.testng.reporters.JUnitReportReporter -->
<testsuite skipped="0" hostname="Daddy" name="lll.Search_TestNG" tests="1" failures="0" timestamp="07 Jun 2021 20:15:38 GMT" time="38.766" errors="0">
  <testcase name="f" time="38.766" classname="lll.Search_TestNG"/>
</testsuite> <!-- lll.Search_TestNG -->
