<?xml version="1.0" encoding="UTF-8"?>
<!-- Generated by org.testng.reporters.JUnitReportReporter -->
<testsuite skipped="0" hostname="Daddy" name="lll.UnapplyToJob_TestNG" tests="1" failures="0" timestamp="07 Jun 2021 20:15:38 GMT" time="58.184" errors="0">
  <testcase name="f" time="58.184" classname="lll.UnapplyToJob_TestNG"/>
</testsuite> <!-- lll.UnapplyToJob_TestNG -->
