<?xml version="1.0" encoding="UTF-8"?>
<!-- Generated by org.testng.reporters.JUnitReportReporter -->
<testsuite skipped="0" hostname="Daddy" name="lll.ApplyError_TestNG" tests="1" failures="0" timestamp="07 Jun 2021 20:15:38 GMT" time="123.349" errors="0">
  <testcase name="f" time="123.349" classname="lll.ApplyError_TestNG"/>
</testsuite> <!-- lll.ApplyError_TestNG -->
