<?xml version="1.0" encoding="UTF-8"?>
<!-- Generated by org.testng.reporters.JUnitReportReporter -->
<testsuite skipped="0" hostname="Daddy" name="lll.ApplyToJob_TestNG" tests="1" failures="0" timestamp="07 Jun 2021 20:15:38 GMT" time="46.049" errors="0">
  <testcase name="f" time="46.049" classname="lll.ApplyToJob_TestNG"/>
</testsuite> <!-- lll.ApplyToJob_TestNG -->
