<?xml version="1.0" encoding="UTF-8"?>
<!-- Generated by org.testng.reporters.JUnitReportReporter -->
<testsuite hostname="DESKTOP-6HRMBER" failures="0" tests="1" name="TestNG_Omar.addWorkExpNeg" time="97.174" errors="0" timestamp="30 May 2021 20:34:54 GMT" skipped="0">
  <testcase classname="TestNG_Omar.addWorkExpNeg" name="f" time="97.174"/>
</testsuite> <!-- TestNG_Omar.addWorkExpNeg -->
