<?xml version="1.0" encoding="UTF-8"?>
<!-- Generated by org.testng.reporters.JUnitReportReporter -->
<testsuite hostname="DESKTOP-6HRMBER" failures="0" tests="1" name="TestNG_Omar.addWorkExpNeg_TestNG" time="74.571" errors="0" timestamp="07 Jun 2021 14:43:10 GMT" skipped="0">
  <testcase classname="TestNG_Omar.addWorkExpNeg_TestNG" name="f" time="74.571"/>
</testsuite> <!-- TestNG_Omar.addWorkExpNeg_TestNG -->
