<?xml version="1.0" encoding="UTF-8"?>
<!-- Generated by org.testng.reporters.JUnitReportReporter -->
<testsuite hostname="DESKTOP-6HRMBER" failures="0" tests="1" name="TestNG_Omar.deleteWorkExp_TestNG" time="31.992" errors="0" timestamp="07 Jun 2021 14:43:10 GMT" skipped="0">
  <testcase classname="TestNG_Omar.deleteWorkExp_TestNG" name="f" time="31.992"/>
</testsuite> <!-- TestNG_Omar.deleteWorkExp_TestNG -->
